0 info it worked if it ends with ok
1 verbose cli [ 'C:\\Users\\ASICChen\\AppData\\Roaming\\nvm\\v6.9.4\\node.exe',
1 verbose cli   'C:\\Users\\ASICChen\\AppData\\Roaming\\nvm\\v6.9.4\\node_modules\\npm\\bin\\npm-cli.js',
1 verbose cli   'start' ]
2 info using npm@3.10.10
3 info using node@v6.9.4
4 verbose run-script [ 'prestart', 'start', 'poststart' ]
5 info lifecycle skeleton@0.1.5~prestart: skeleton@0.1.5
6 silly lifecycle skeleton@0.1.5~prestart: no script for prestart, continuing
7 info lifecycle skeleton@0.1.5~start: skeleton@0.1.5
8 verbose lifecycle skeleton@0.1.5~start: unsafe-perm in lifecycle true
9 verbose lifecycle skeleton@0.1.5~start: PATH: C:\Users\ASICChen\AppData\Roaming\nvm\v6.9.4\node_modules\npm\bin\node-gyp-bin;C:\cygwin64\home\ASICChen\hackathons\ethercast\node_modules\.bin;C:\cygwin64\usr\local\bin;C:\cygwin64\bin;C:\Program Files\Java\jdk1.8.0_144\bin;C:\ProgramData\Oracle\Java\javapath;C:\WINDOWS\system32;C:\WINDOWS;C:\WINDOWS\System32\Wbem;C:\WINDOWS\System32\WindowsPowerShell\v1.0;C:\Users\ASICChen\AppData\Roaming\nvm;C:\Program Files\nodejs;C:\Program Files\Intel\WiFi\bin;C:\Program Files\Common Files\Intel\WirelessCommon;C:\Program Files\Java\jdk1.8.0_144\bin;C:\Users\ASICChen\AppData\Local\Programs\Python\Python36-32\Scripts;C:\Users\ASICChen\AppData\Local\Programs\Python\Python36-32;C:\Users\ASICChen\AppData\Local\Microsoft\WindowsApps;C:\Program Files\Intel\WiFi\bin;C:\Program Files\Common Files\Intel\WirelessCommon;C:\Users\ASICChen\AppData\Roaming\npm;C:\Users\ASICChen\AppData\Roaming\nvm;C:\Program Files\nodejs;C:\Users\ASICChen\AppData\Roaming\nvm\v6.9.4;C:\Users\ASICChen\AppData\Local\atom\bin;%USERPROFILE%\AppData\Local\Microsoft\WindowsApps
10 verbose lifecycle skeleton@0.1.5~start: CWD: C:\cygwin64\home\ASICChen\hackathons\ethercast
11 silly lifecycle skeleton@0.1.5~start: Args: [ '/d /s /c', 'webpack-dev-server --content-base build' ]
12 silly lifecycle skeleton@0.1.5~start: Returned: code: 1  signal: null
13 info lifecycle skeleton@0.1.5~start: Failed to exec start script
14 verbose stack Error: skeleton@0.1.5 start: `webpack-dev-server --content-base build`
14 verbose stack Exit status 1
14 verbose stack     at EventEmitter.<anonymous> (C:\Users\ASICChen\AppData\Roaming\nvm\v6.9.4\node_modules\npm\lib\utils\lifecycle.js:255:16)
14 verbose stack     at emitTwo (events.js:106:13)
14 verbose stack     at EventEmitter.emit (events.js:191:7)
14 verbose stack     at ChildProcess.<anonymous> (C:\Users\ASICChen\AppData\Roaming\nvm\v6.9.4\node_modules\npm\lib\utils\spawn.js:40:14)
14 verbose stack     at emitTwo (events.js:106:13)
14 verbose stack     at ChildProcess.emit (events.js:191:7)
14 verbose stack     at maybeClose (internal/child_process.js:877:16)
14 verbose stack     at Process.ChildProcess._handle.onexit (internal/child_process.js:226:5)
15 verbose pkgid skeleton@0.1.5
16 verbose cwd C:\cygwin64\home\ASICChen\hackathons\ethercast
17 error Windows_NT 10.0.16299
18 error argv "C:\\Users\\ASICChen\\AppData\\Roaming\\nvm\\v6.9.4\\node.exe" "C:\\Users\\ASICChen\\AppData\\Roaming\\nvm\\v6.9.4\\node_modules\\npm\\bin\\npm-cli.js" "start"
19 error node v6.9.4
20 error npm  v3.10.10
21 error code ELIFECYCLE
22 error skeleton@0.1.5 start: `webpack-dev-server --content-base build`
22 error Exit status 1
23 error Failed at the skeleton@0.1.5 start script 'webpack-dev-server --content-base build'.
23 error Make sure you have the latest version of node.js and npm installed.
23 error If you do, this is most likely a problem with the skeleton package,
23 error not with npm itself.
23 error Tell the author that this fails on your system:
23 error     webpack-dev-server --content-base build
23 error You can get information on how to open an issue for this project with:
23 error     npm bugs skeleton
23 error Or if that isn't available, you can get their info via:
23 error     npm owner ls skeleton
23 error There is likely additional logging output above.
24 verbose exit [ 1, true ]
